[ 2015-11-30T10:02:26+08:00 ] ::1 /codepencil/
INFO: [ app_init ] --START--
INFO: Run Behavior\BuildLiteBehavior [ RunTime:0.000086s ]
INFO: [ app_init ] --END-- [ RunTime:0.000507s ]
INFO: [ app_begin ] --START--
INFO: Run Behavior\ReadHtmlCacheBehavior [ RunTime:0.003857s ]
INFO: [ app_begin ] --END-- [ RunTime:0.004298s ]
INFO: [ view_parse ] --START--
INFO: [ template_filter ] --START--
INFO: Run Behavior\ContentReplaceBehavior [ RunTime:0.000315s ]
INFO: [ template_filter ] --END-- [ RunTime:0.000904s ]
NOTIC: [8] Undefined variable: id E:\WAMP\wamp\www\codepencil\CodePencil\Runtime\Cache\Home\261320953018e5c84924c750959c27db.php 第 8 行.
INFO: Run Behavior\ParseTemplateBehavior [ RunTime:0.049250s ]
INFO: [ view_parse ] --END-- [ RunTime:0.049610s ]
INFO: [ view_filter ] --START--
INFO: Run Behavior\WriteHtmlCacheBehavior [ RunTime:0.011110s ]
INFO: [ view_filter ] --END-- [ RunTime:0.011454s ]
INFO: [ app_end ] --START--
INFO: Run Behavior\ShowPageTraceBehavior [ RunTime:0.004391s ]
INFO: [ app_end ] --END-- [ RunTime:0.004874s ]

[ 2015-11-30T10:02:30+08:00 ] ::1 /codepencil/index.php/Code/read.html
INFO: [ app_init ] --START--
INFO: Run Behavior\BuildLiteBehavior [ RunTime:0.000072s ]
INFO: [ app_init ] --END-- [ RunTime:0.000411s ]
INFO: [ app_begin ] --START--
INFO: Run Behavior\ReadHtmlCacheBehavior [ RunTime:0.002495s ]
INFO: [ app_begin ] --END-- [ RunTime:0.002987s ]
SQL: SHOW COLUMNS FROM `code` [ RunTime:0.0442s ]
NOTIC: [8] Use of undefined constant post - assumed 'post' E:\WAMP\wamp\www\codepencil\CodePencil\Home\Controller\CodeController.class.php 第 23 行.
NOTIC: [8] Use of undefined constant uid - assumed 'uid' E:\WAMP\wamp\www\codepencil\CodePencil\Home\Controller\CodeController.class.php 第 23 行.
SQL: SELECT * FROM `code` LIMIT 1   [ RunTime:0.0014s ]
INFO: [ app_end ] --START--
INFO: Run Behavior\ShowPageTraceBehavior [ RunTime:0.003868s ]
INFO: [ app_end ] --END-- [ RunTime:0.004484s ]

[ 2015-11-30T10:08:47+08:00 ] ::1 /codepencil/
INFO: [ app_init ] --START--
INFO: Run Behavior\BuildLiteBehavior [ RunTime:0.000077s ]
INFO: [ app_init ] --END-- [ RunTime:0.000536s ]
INFO: [ app_begin ] --START--
INFO: Run Behavior\ReadHtmlCacheBehavior [ RunTime:0.002323s ]
INFO: [ app_begin ] --END-- [ RunTime:0.002769s ]
INFO: [ view_parse ] --START--
INFO: [ template_filter ] --START--
INFO: Run Behavior\ContentReplaceBehavior [ RunTime:0.000254s ]
INFO: [ template_filter ] --END-- [ RunTime:0.000723s ]
NOTIC: [8] Undefined variable: id E:\WAMP\wamp\www\codepencil\CodePencil\Runtime\Cache\Home\261320953018e5c84924c750959c27db.php 第 8 行.
INFO: Run Behavior\ParseTemplateBehavior [ RunTime:0.024293s ]
INFO: [ view_parse ] --END-- [ RunTime:0.024847s ]
INFO: [ view_filter ] --START--
INFO: Run Behavior\WriteHtmlCacheBehavior [ RunTime:0.002044s ]
INFO: [ view_filter ] --END-- [ RunTime:0.002360s ]
INFO: [ app_end ] --START--
INFO: Run Behavior\ShowPageTraceBehavior [ RunTime:0.002316s ]
INFO: [ app_end ] --END-- [ RunTime:0.002647s ]

[ 2015-11-30T10:08:50+08:00 ] ::1 /codepencil/index.php/Code/read.html
INFO: [ app_init ] --START--
INFO: Run Behavior\BuildLiteBehavior [ RunTime:0.000074s ]
INFO: [ app_init ] --END-- [ RunTime:0.000433s ]
INFO: [ app_begin ] --START--
INFO: Run Behavior\ReadHtmlCacheBehavior [ RunTime:0.002404s ]
INFO: [ app_begin ] --END-- [ RunTime:0.002924s ]
ERR: 非法操作:read

[ 2015-11-30T10:09:08+08:00 ] ::1 /codepencil/
INFO: [ app_init ] --START--
INFO: Run Behavior\BuildLiteBehavior [ RunTime:0.000116s ]
INFO: [ app_init ] --END-- [ RunTime:0.000694s ]
INFO: [ app_begin ] --START--
INFO: Run Behavior\ReadHtmlCacheBehavior [ RunTime:0.001941s ]
INFO: [ app_begin ] --END-- [ RunTime:0.002376s ]
INFO: [ view_parse ] --START--
INFO: [ template_filter ] --START--
INFO: Run Behavior\ContentReplaceBehavior [ RunTime:0.000372s ]
INFO: [ template_filter ] --END-- [ RunTime:0.001133s ]
NOTIC: [8] Undefined variable: id E:\WAMP\wamp\www\codepencil\CodePencil\Runtime\Cache\Home\261320953018e5c84924c750959c27db.php 第 8 行.
INFO: Run Behavior\ParseTemplateBehavior [ RunTime:0.023859s ]
INFO: [ view_parse ] --END-- [ RunTime:0.024345s ]
INFO: [ view_filter ] --START--
INFO: Run Behavior\WriteHtmlCacheBehavior [ RunTime:0.001753s ]
INFO: [ view_filter ] --END-- [ RunTime:0.002165s ]
INFO: [ app_end ] --START--
INFO: Run Behavior\ShowPageTraceBehavior [ RunTime:0.002098s ]
INFO: [ app_end ] --END-- [ RunTime:0.002424s ]

[ 2015-11-30T10:09:11+08:00 ] ::1 /codepencil/index.php/Code/readcode.html
INFO: [ app_init ] --START--
INFO: Run Behavior\BuildLiteBehavior [ RunTime:0.000076s ]
INFO: [ app_init ] --END-- [ RunTime:0.000438s ]
INFO: [ app_begin ] --START--
INFO: Run Behavior\ReadHtmlCacheBehavior [ RunTime:0.002007s ]
INFO: [ app_begin ] --END-- [ RunTime:0.002565s ]
SQL: SHOW COLUMNS FROM `code` [ RunTime:0.0113s ]
NOTIC: [8] Use of undefined constant get - assumed 'get' E:\WAMP\wamp\www\codepencil\CodePencil\Home\Controller\CodeController.class.php 第 23 行.
NOTIC: [8] Use of undefined constant uid - assumed 'uid' E:\WAMP\wamp\www\codepencil\CodePencil\Home\Controller\CodeController.class.php 第 23 行.
SQL: SELECT * FROM `code` LIMIT 1   [ RunTime:0.0013s ]

[ 2015-11-30T10:16:21+08:00 ] ::1 /codepencil/index.php/Code/readcode.html
INFO: [ app_init ] --START--
INFO: Run Behavior\BuildLiteBehavior [ RunTime:0.000071s ]
INFO: [ app_init ] --END-- [ RunTime:0.000419s ]
INFO: [ app_begin ] --START--
INFO: Run Behavior\ReadHtmlCacheBehavior [ RunTime:0.003142s ]
INFO: [ app_begin ] --END-- [ RunTime:0.003681s ]

[ 2015-11-30T10:18:27+08:00 ] ::1 /codepencil/index.php/Code/readcode.html
INFO: [ app_init ] --START--
INFO: Run Behavior\BuildLiteBehavior [ RunTime:0.000078s ]
INFO: [ app_init ] --END-- [ RunTime:0.000469s ]
INFO: [ app_begin ] --START--
INFO: Run Behavior\ReadHtmlCacheBehavior [ RunTime:0.003407s ]
INFO: [ app_begin ] --END-- [ RunTime:0.003915s ]

[ 2015-11-30T10:18:46+08:00 ] ::1 /codepencil/index.php/Code/readcode.html
INFO: [ app_init ] --START--
INFO: Run Behavior\BuildLiteBehavior [ RunTime:0.000072s ]
INFO: [ app_init ] --END-- [ RunTime:0.000409s ]
INFO: [ app_begin ] --START--
INFO: Run Behavior\ReadHtmlCacheBehavior [ RunTime:0.002957s ]
INFO: [ app_begin ] --END-- [ RunTime:0.003706s ]
SQL: SHOW COLUMNS FROM `code` [ RunTime:0.0157s ]
NOTIC: [8] Use of undefined constant get - assumed 'get' E:\WAMP\wamp\www\codepencil\CodePencil\Home\Controller\CodeController.class.php 第 23 行.
NOTIC: [8] Use of undefined constant uid - assumed 'uid' E:\WAMP\wamp\www\codepencil\CodePencil\Home\Controller\CodeController.class.php 第 23 行.
SQL: SELECT * FROM `code` LIMIT 1   [ RunTime:0.0015s ]

[ 2015-11-30T10:42:25+08:00 ] ::1 /codepencil/index.php/Code/readcode.html
INFO: [ app_init ] --START--
INFO: Run Behavior\BuildLiteBehavior [ RunTime:0.000072s ]
INFO: [ app_init ] --END-- [ RunTime:0.000438s ]
INFO: [ app_begin ] --START--
INFO: Run Behavior\ReadHtmlCacheBehavior [ RunTime:0.002234s ]
INFO: [ app_begin ] --END-- [ RunTime:0.002637s ]
SQL: SHOW COLUMNS FROM `code` [ RunTime:0.0131s ]
NOTIC: [8] Use of undefined constant get - assumed 'get' E:\WAMP\wamp\www\codepencil\CodePencil\Home\Controller\CodeController.class.php 第 22 行.
NOTIC: [8] Use of undefined constant uid - assumed 'uid' E:\WAMP\wamp\www\codepencil\CodePencil\Home\Controller\CodeController.class.php 第 22 行.
SQL: SELECT * FROM `code` LIMIT 1   [ RunTime:0.0014s ]

[ 2015-11-30T10:43:43+08:00 ] ::1 /codepencil/index.php/Code/readcode.html
INFO: [ app_init ] --START--
INFO: Run Behavior\BuildLiteBehavior [ RunTime:0.000207s ]
INFO: [ app_init ] --END-- [ RunTime:0.000881s ]

[ 2015-11-30T10:44:06+08:00 ] ::1 /codepencil/index.php/Code/readcode.html
INFO: [ app_init ] --START--
INFO: Run Behavior\BuildLiteBehavior [ RunTime:0.000071s ]
INFO: [ app_init ] --END-- [ RunTime:0.000407s ]

[ 2015-11-30T10:44:39+08:00 ] ::1 /codepencil/index.php/Code/readcode.html
INFO: [ app_init ] --START--
INFO: Run Behavior\BuildLiteBehavior [ RunTime:0.000071s ]
INFO: [ app_init ] --END-- [ RunTime:0.000450s ]
INFO: [ app_begin ] --START--
INFO: Run Behavior\ReadHtmlCacheBehavior [ RunTime:0.003300s ]
INFO: [ app_begin ] --END-- [ RunTime:0.004360s ]
SQL: SHOW COLUMNS FROM `code` [ RunTime:0.0111s ]
NOTIC: [8] Use of undefined constant get - assumed 'get' E:\WAMP\wamp\www\codepencil\CodePencil\Home\Controller\CodeController.class.php 第 22 行.
NOTIC: [8] Use of undefined constant uid - assumed 'uid' E:\WAMP\wamp\www\codepencil\CodePencil\Home\Controller\CodeController.class.php 第 22 行.
SQL: SELECT * FROM `code` LIMIT 1   [ RunTime:0.0017s ]

[ 2015-11-30T11:08:23+08:00 ] ::1 /codepencil/
INFO: [ app_init ] --START--
INFO: Run Behavior\BuildLiteBehavior [ RunTime:0.000072s ]
INFO: [ app_init ] --END-- [ RunTime:0.000446s ]
INFO: [ app_begin ] --START--
INFO: Run Behavior\ReadHtmlCacheBehavior [ RunTime:0.002428s ]
INFO: [ app_begin ] --END-- [ RunTime:0.002863s ]
INFO: [ view_parse ] --START--
INFO: [ template_filter ] --START--
INFO: Run Behavior\ContentReplaceBehavior [ RunTime:0.000189s ]
INFO: [ template_filter ] --END-- [ RunTime:0.000536s ]
NOTIC: [8] Undefined variable: id E:\WAMP\wamp\www\codepencil\CodePencil\Runtime\Cache\Home\261320953018e5c84924c750959c27db.php 第 8 行.
INFO: Run Behavior\ParseTemplateBehavior [ RunTime:0.023650s ]
INFO: [ view_parse ] --END-- [ RunTime:0.024016s ]
INFO: [ view_filter ] --START--
INFO: Run Behavior\WriteHtmlCacheBehavior [ RunTime:0.001601s ]
INFO: [ view_filter ] --END-- [ RunTime:0.001932s ]
INFO: [ app_end ] --START--
INFO: Run Behavior\ShowPageTraceBehavior [ RunTime:0.002430s ]
INFO: [ app_end ] --END-- [ RunTime:0.002762s ]

[ 2015-11-30T11:08:24+08:00 ] ::1 /codepencil/index.php/Code/readcode.html
INFO: [ app_init ] --START--
INFO: Run Behavior\BuildLiteBehavior [ RunTime:0.000108s ]
INFO: [ app_init ] --END-- [ RunTime:0.002561s ]
INFO: [ app_begin ] --START--
INFO: Run Behavior\ReadHtmlCacheBehavior [ RunTime:0.002239s ]
INFO: [ app_begin ] --END-- [ RunTime:0.002774s ]
ERR: 非法操作:readcode

[ 2015-11-30T11:08:40+08:00 ] ::1 /codepencil/index.php/Code/readcode.html
INFO: [ app_init ] --START--
INFO: Run Behavior\BuildLiteBehavior [ RunTime:0.000108s ]
INFO: [ app_init ] --END-- [ RunTime:0.000654s ]
INFO: [ app_begin ] --START--
INFO: Run Behavior\ReadHtmlCacheBehavior [ RunTime:0.002876s ]
INFO: [ app_begin ] --END-- [ RunTime:0.003502s ]
ERR: 非法操作:readcode

[ 2015-11-30T11:09:36+08:00 ] ::1 /codepencil/index.php/Code/readcode.html
INFO: [ app_init ] --START--
INFO: Run Behavior\BuildLiteBehavior [ RunTime:0.000073s ]
INFO: [ app_init ] --END-- [ RunTime:0.000492s ]
INFO: [ app_begin ] --START--
INFO: Run Behavior\ReadHtmlCacheBehavior [ RunTime:0.002485s ]
INFO: [ app_begin ] --END-- [ RunTime:0.002926s ]
ERR: 非法操作:readcode

[ 2015-11-30T11:12:20+08:00 ] ::1 /codepencil/index.php/Code/readcode.html
INFO: [ app_init ] --START--
INFO: Run Behavior\BuildLiteBehavior [ RunTime:0.000078s ]
INFO: [ app_init ] --END-- [ RunTime:0.000593s ]
INFO: [ app_begin ] --START--
INFO: Run Behavior\ReadHtmlCacheBehavior [ RunTime:0.003007s ]
INFO: [ app_begin ] --END-- [ RunTime:0.003420s ]
ERR: 非法操作:readcode

[ 2015-11-30T11:12:39+08:00 ] ::1 /codepencil/
INFO: [ app_init ] --START--
INFO: Run Behavior\BuildLiteBehavior [ RunTime:0.000070s ]
INFO: [ app_init ] --END-- [ RunTime:0.000515s ]
INFO: [ app_begin ] --START--
INFO: Run Behavior\ReadHtmlCacheBehavior [ RunTime:0.005312s ]
INFO: [ app_begin ] --END-- [ RunTime:0.006321s ]
INFO: [ view_parse ] --START--
INFO: [ template_filter ] --START--
INFO: Run Behavior\ContentReplaceBehavior [ RunTime:0.000297s ]
INFO: [ template_filter ] --END-- [ RunTime:0.000833s ]
NOTIC: [8] Undefined variable: id E:\WAMP\wamp\www\codepencil\CodePencil\Runtime\Cache\Home\261320953018e5c84924c750959c27db.php 第 8 行.
INFO: Run Behavior\ParseTemplateBehavior [ RunTime:0.030090s ]
INFO: [ view_parse ] --END-- [ RunTime:0.030785s ]
INFO: [ view_filter ] --START--
INFO: Run Behavior\WriteHtmlCacheBehavior [ RunTime:0.003793s ]
INFO: [ view_filter ] --END-- [ RunTime:0.004294s ]
INFO: [ app_end ] --START--
INFO: Run Behavior\ShowPageTraceBehavior [ RunTime:0.003588s ]
INFO: [ app_end ] --END-- [ RunTime:0.004167s ]

[ 2015-11-30T11:12:51+08:00 ] ::1 /codepencil/
INFO: [ app_init ] --START--
INFO: Run Behavior\BuildLiteBehavior [ RunTime:0.000070s ]
INFO: [ app_init ] --END-- [ RunTime:0.000393s ]
INFO: [ app_begin ] --START--
INFO: Run Behavior\ReadHtmlCacheBehavior [ RunTime:0.001935s ]
INFO: [ app_begin ] --END-- [ RunTime:0.002320s ]
INFO: [ view_parse ] --START--
INFO: [ template_filter ] --START--
INFO: Run Behavior\ContentReplaceBehavior [ RunTime:0.000255s ]
INFO: [ template_filter ] --END-- [ RunTime:0.000802s ]
NOTIC: [8] Undefined variable: id E:\WAMP\wamp\www\codepencil\CodePencil\Runtime\Cache\Home\261320953018e5c84924c750959c27db.php 第 8 行.
INFO: Run Behavior\ParseTemplateBehavior [ RunTime:0.023162s ]
INFO: [ view_parse ] --END-- [ RunTime:0.023621s ]
INFO: [ view_filter ] --START--
INFO: Run Behavior\WriteHtmlCacheBehavior [ RunTime:0.001205s ]
INFO: [ view_filter ] --END-- [ RunTime:0.001641s ]
INFO: [ app_end ] --START--
INFO: Run Behavior\ShowPageTraceBehavior [ RunTime:0.002166s ]
INFO: [ app_end ] --END-- [ RunTime:0.002564s ]

[ 2015-11-30T11:12:53+08:00 ] ::1 /codepencil/index.php/Code/solocode.html
INFO: [ app_init ] --START--
INFO: Run Behavior\BuildLiteBehavior [ RunTime:0.000108s ]
INFO: [ app_init ] --END-- [ RunTime:0.000543s ]
INFO: [ app_begin ] --START--
INFO: Run Behavior\ReadHtmlCacheBehavior [ RunTime:0.002421s ]
INFO: [ app_begin ] --END-- [ RunTime:0.003009s ]
SQL: SHOW COLUMNS FROM `code` [ RunTime:0.0206s ]
NOTIC: [8] Use of undefined constant post - assumed 'post' E:\WAMP\wamp\www\codepencil\CodePencil\Home\Controller\CodeController.class.php 第 22 行.
NOTIC: [8] Use of undefined constant uid - assumed 'uid' E:\WAMP\wamp\www\codepencil\CodePencil\Home\Controller\CodeController.class.php 第 22 行.
SQL: SELECT * FROM `code` LIMIT 1   [ RunTime:0.0018s ]

[ 2015-11-30T11:16:37+08:00 ] ::1 /codepencil/index.php/Code/solocode.html
INFO: [ app_init ] --START--
INFO: Run Behavior\BuildLiteBehavior [ RunTime:0.000107s ]
INFO: [ app_init ] --END-- [ RunTime:0.000642s ]
INFO: [ app_begin ] --START--
INFO: Run Behavior\ReadHtmlCacheBehavior [ RunTime:0.003953s ]
INFO: [ app_begin ] --END-- [ RunTime:0.004722s ]
SQL: SHOW COLUMNS FROM `code` [ RunTime:0.0157s ]
NOTIC: [8] Use of undefined constant post - assumed 'post' E:\WAMP\wamp\www\codepencil\CodePencil\Home\Controller\CodeController.class.php 第 22 行.
NOTIC: [8] Use of undefined constant uid - assumed 'uid' E:\WAMP\wamp\www\codepencil\CodePencil\Home\Controller\CodeController.class.php 第 22 行.
SQL: SELECT * FROM `code` LIMIT 1   [ RunTime:0.0018s ]

[ 2015-11-30T11:18:57+08:00 ] ::1 /codepencil/index.php/Code/solocode.html
INFO: [ app_init ] --START--
INFO: Run Behavior\BuildLiteBehavior [ RunTime:0.000072s ]
INFO: [ app_init ] --END-- [ RunTime:0.000411s ]
INFO: [ app_begin ] --START--
INFO: Run Behavior\ReadHtmlCacheBehavior [ RunTime:0.002330s ]
INFO: [ app_begin ] --END-- [ RunTime:0.002738s ]
SQL: SHOW COLUMNS FROM `code` [ RunTime:0.0144s ]
NOTIC: [8] Use of undefined constant post - assumed 'post' E:\WAMP\wamp\www\codepencil\CodePencil\Home\Controller\CodeController.class.php 第 22 行.
NOTIC: [8] Use of undefined constant uid - assumed 'uid' E:\WAMP\wamp\www\codepencil\CodePencil\Home\Controller\CodeController.class.php 第 22 行.
SQL: SELECT * FROM `code` LIMIT 1   [ RunTime:0.0013s ]
NOTIC: [8] Undefined variable: show E:\WAMP\wamp\www\codepencil\CodePencil\Home\Controller\CodeController.class.php 第 24 行.

[ 2015-11-30T11:19:35+08:00 ] ::1 /codepencil/index.php/Code/solocode.html
INFO: [ app_init ] --START--
INFO: Run Behavior\BuildLiteBehavior [ RunTime:0.000103s ]
INFO: [ app_init ] --END-- [ RunTime:0.000632s ]
INFO: [ app_begin ] --START--
INFO: Run Behavior\ReadHtmlCacheBehavior [ RunTime:0.002266s ]
INFO: [ app_begin ] --END-- [ RunTime:0.002804s ]
SQL: SHOW COLUMNS FROM `code` [ RunTime:0.0195s ]
NOTIC: [8] Use of undefined constant post - assumed 'post' E:\WAMP\wamp\www\codepencil\CodePencil\Home\Controller\CodeController.class.php 第 22 行.
NOTIC: [8] Use of undefined constant uid - assumed 'uid' E:\WAMP\wamp\www\codepencil\CodePencil\Home\Controller\CodeController.class.php 第 22 行.
SQL: SELECT * FROM `code` LIMIT 1   [ RunTime:0.0013s ]
NOTIC: [8] Use of undefined constant XML - assumed 'XML' E:\WAMP\wamp\www\codepencil\CodePencil\Home\Common\Response.class.php 第 14 行.
INFO: [ app_end ] --START--
INFO: Run Behavior\ShowPageTraceBehavior [ RunTime:0.002308s ]
INFO: [ app_end ] --END-- [ RunTime:0.002652s ]

[ 2015-11-30T11:20:16+08:00 ] ::1 /codepencil/index.php/Code/solocode.html
INFO: [ app_init ] --START--
INFO: Run Behavior\BuildLiteBehavior [ RunTime:0.000104s ]
INFO: [ app_init ] --END-- [ RunTime:0.000633s ]
INFO: [ app_begin ] --START--
INFO: Run Behavior\ReadHtmlCacheBehavior [ RunTime:0.002064s ]
INFO: [ app_begin ] --END-- [ RunTime:0.002459s ]
SQL: SHOW COLUMNS FROM `code` [ RunTime:0.0129s ]
NOTIC: [8] Use of undefined constant post - assumed 'post' E:\WAMP\wamp\www\codepencil\CodePencil\Home\Controller\CodeController.class.php 第 22 行.
NOTIC: [8] Use of undefined constant uid - assumed 'uid' E:\WAMP\wamp\www\codepencil\CodePencil\Home\Controller\CodeController.class.php 第 22 行.
SQL: SELECT * FROM `code` LIMIT 1   [ RunTime:0.0013s ]

[ 2015-11-30T11:20:34+08:00 ] ::1 /codepencil/index.php/Code/solocode.html
INFO: [ app_init ] --START--
INFO: Run Behavior\BuildLiteBehavior [ RunTime:0.000071s ]
INFO: [ app_init ] --END-- [ RunTime:0.000419s ]
INFO: [ app_begin ] --START--
INFO: Run Behavior\ReadHtmlCacheBehavior [ RunTime:0.002953s ]
INFO: [ app_begin ] --END-- [ RunTime:0.003514s ]
SQL: SHOW COLUMNS FROM `code` [ RunTime:0.0137s ]
NOTIC: [8] Use of undefined constant post - assumed 'post' E:\WAMP\wamp\www\codepencil\CodePencil\Home\Controller\CodeController.class.php 第 22 行.
NOTIC: [8] Use of undefined constant uid - assumed 'uid' E:\WAMP\wamp\www\codepencil\CodePencil\Home\Controller\CodeController.class.php 第 22 行.
SQL: SELECT * FROM `code` LIMIT 1   [ RunTime:0.0013s ]

[ 2015-11-30T11:21:24+08:00 ] ::1 /codepencil/index.php/Code/solocode.html
INFO: [ app_init ] --START--
INFO: Run Behavior\BuildLiteBehavior [ RunTime:0.000068s ]
INFO: [ app_init ] --END-- [ RunTime:0.000438s ]
INFO: [ app_begin ] --START--
INFO: Run Behavior\ReadHtmlCacheBehavior [ RunTime:0.002853s ]
INFO: [ app_begin ] --END-- [ RunTime:0.003348s ]
SQL: SHOW COLUMNS FROM `code` [ RunTime:0.0155s ]
NOTIC: [8] Use of undefined constant post - assumed 'post' E:\WAMP\wamp\www\codepencil\CodePencil\Home\Controller\CodeController.class.php 第 22 行.
NOTIC: [8] Use of undefined constant uid - assumed 'uid' E:\WAMP\wamp\www\codepencil\CodePencil\Home\Controller\CodeController.class.php 第 22 行.
SQL: SELECT * FROM `code` LIMIT 1   [ RunTime:0.0013s ]
NOTIC: [2048] Non-static method Home\Common\Response::xmlEncode() should not be called statically E:\WAMP\wamp\www\codepencil\CodePencil\Home\Common\Response.class.php 第 27 行.
NOTIC: [2048] Non-static method Home\Common\Response::xmlToEncode() should not be called statically E:\WAMP\wamp\www\codepencil\CodePencil\Home\Common\Response.class.php 第 78 行.

[ 2015-11-30T11:21:37+08:00 ] ::1 /codepencil/index.php/Code/solocode.html
INFO: [ app_init ] --START--
INFO: Run Behavior\BuildLiteBehavior [ RunTime:0.000108s ]
INFO: [ app_init ] --END-- [ RunTime:0.000721s ]
INFO: [ app_begin ] --START--
INFO: Run Behavior\ReadHtmlCacheBehavior [ RunTime:0.002967s ]
INFO: [ app_begin ] --END-- [ RunTime:0.003613s ]

[ 2015-11-30T11:21:49+08:00 ] ::1 /codepencil/index.php/Code/solocode.html
INFO: [ app_init ] --START--
INFO: Run Behavior\BuildLiteBehavior [ RunTime:0.000104s ]
INFO: [ app_init ] --END-- [ RunTime:0.000576s ]
INFO: [ app_begin ] --START--
INFO: Run Behavior\ReadHtmlCacheBehavior [ RunTime:0.002014s ]
INFO: [ app_begin ] --END-- [ RunTime:0.002404s ]
SQL: SHOW COLUMNS FROM `code` [ RunTime:0.0136s ]
NOTIC: [8] Use of undefined constant post - assumed 'post' E:\WAMP\wamp\www\codepencil\CodePencil\Home\Controller\CodeController.class.php 第 22 行.
NOTIC: [8] Use of undefined constant uid - assumed 'uid' E:\WAMP\wamp\www\codepencil\CodePencil\Home\Controller\CodeController.class.php 第 22 行.
SQL: SELECT * FROM `code` LIMIT 1   [ RunTime:0.0013s ]
NOTIC: [2048] Non-static method Home\Common\Response::json() should not be called statically E:\WAMP\wamp\www\codepencil\CodePencil\Home\Common\Response.class.php 第 30 行.

[ 2015-11-30T11:21:58+08:00 ] ::1 /codepencil/index.php/Code/solocode.html
INFO: [ app_init ] --START--
INFO: Run Behavior\BuildLiteBehavior [ RunTime:0.000107s ]
INFO: [ app_init ] --END-- [ RunTime:0.000591s ]
INFO: [ app_begin ] --START--
INFO: Run Behavior\ReadHtmlCacheBehavior [ RunTime:0.001964s ]
INFO: [ app_begin ] --END-- [ RunTime:0.002333s ]
SQL: SHOW COLUMNS FROM `code` [ RunTime:0.0173s ]
NOTIC: [8] Use of undefined constant post - assumed 'post' E:\WAMP\wamp\www\codepencil\CodePencil\Home\Controller\CodeController.class.php 第 22 行.
NOTIC: [8] Use of undefined constant uid - assumed 'uid' E:\WAMP\wamp\www\codepencil\CodePencil\Home\Controller\CodeController.class.php 第 22 行.
SQL: SELECT * FROM `code` LIMIT 1   [ RunTime:0.0023s ]
NOTIC: [2048] Non-static method Home\Common\Response::xmlEncode() should not be called statically E:\WAMP\wamp\www\codepencil\CodePencil\Home\Common\Response.class.php 第 27 行.
NOTIC: [2048] Non-static method Home\Common\Response::xmlToEncode() should not be called statically E:\WAMP\wamp\www\codepencil\CodePencil\Home\Common\Response.class.php 第 78 行.

[ 2015-11-30T14:12:32+08:00 ] ::1 /codepencil/
INFO: [ app_init ] --START--
INFO: Run Behavior\BuildLiteBehavior [ RunTime:0.000131s ]
INFO: [ app_init ] --END-- [ RunTime:0.000683s ]
INFO: [ app_begin ] --START--
INFO: Run Behavior\ReadHtmlCacheBehavior [ RunTime:0.002490s ]
INFO: [ app_begin ] --END-- [ RunTime:0.002913s ]
INFO: [ view_parse ] --START--
INFO: [ template_filter ] --START--
INFO: Run Behavior\ContentReplaceBehavior [ RunTime:0.000235s ]
INFO: [ template_filter ] --END-- [ RunTime:0.000726s ]
NOTIC: [8] Undefined variable: id E:\WAMP\wamp\www\codepencil\CodePencil\Runtime\Cache\Home\261320953018e5c84924c750959c27db.php 第 8 行.
INFO: Run Behavior\ParseTemplateBehavior [ RunTime:0.025179s ]
INFO: [ view_parse ] --END-- [ RunTime:0.025523s ]
INFO: [ view_filter ] --START--
INFO: Run Behavior\WriteHtmlCacheBehavior [ RunTime:0.001617s ]
INFO: [ view_filter ] --END-- [ RunTime:0.001952s ]
INFO: [ app_end ] --START--
INFO: Run Behavior\ShowPageTraceBehavior [ RunTime:0.002365s ]
INFO: [ app_end ] --END-- [ RunTime:0.002698s ]

[ 2015-11-30T14:14:00+08:00 ] ::1 /codepencil/
INFO: [ app_init ] --START--
INFO: Run Behavior\BuildLiteBehavior [ RunTime:0.000068s ]
INFO: [ app_init ] --END-- [ RunTime:0.000417s ]
INFO: [ app_begin ] --START--
INFO: Run Behavior\ReadHtmlCacheBehavior [ RunTime:0.002112s ]
INFO: [ app_begin ] --END-- [ RunTime:0.002502s ]
INFO: [ view_parse ] --START--
INFO: [ template_filter ] --START--
INFO: Run Behavior\ContentReplaceBehavior [ RunTime:0.000215s ]
INFO: [ template_filter ] --END-- [ RunTime:0.000613s ]
NOTIC: [8] Undefined variable: id E:\WAMP\wamp\www\codepencil\CodePencil\Runtime\Cache\Home\261320953018e5c84924c750959c27db.php 第 8 行.
INFO: Run Behavior\ParseTemplateBehavior [ RunTime:0.023568s ]
INFO: [ view_parse ] --END-- [ RunTime:0.023939s ]
INFO: [ view_filter ] --START--
INFO: Run Behavior\WriteHtmlCacheBehavior [ RunTime:0.001425s ]
INFO: [ view_filter ] --END-- [ RunTime:0.001740s ]
INFO: [ app_end ] --START--
INFO: Run Behavior\ShowPageTraceBehavior [ RunTime:0.002363s ]
INFO: [ app_end ] --END-- [ RunTime:0.002721s ]

[ 2015-11-30T14:14:10+08:00 ] ::1 /codepencil/
INFO: [ app_init ] --START--
INFO: Run Behavior\BuildLiteBehavior [ RunTime:0.000111s ]
INFO: [ app_init ] --END-- [ RunTime:0.000646s ]
INFO: [ app_begin ] --START--
INFO: Run Behavior\ReadHtmlCacheBehavior [ RunTime:0.003958s ]
INFO: [ app_begin ] --END-- [ RunTime:0.004913s ]
INFO: [ view_parse ] --START--
INFO: [ template_filter ] --START--
INFO: Run Behavior\ContentReplaceBehavior [ RunTime:0.000678s ]
INFO: [ template_filter ] --END-- [ RunTime:0.001630s ]
NOTIC: [8] Undefined variable: id E:\WAMP\wamp\www\codepencil\CodePencil\Runtime\Cache\Home\261320953018e5c84924c750959c27db.php 第 8 行.
INFO: Run Behavior\ParseTemplateBehavior [ RunTime:0.035890s ]
INFO: [ view_parse ] --END-- [ RunTime:0.036341s ]
INFO: [ view_filter ] --START--
INFO: Run Behavior\WriteHtmlCacheBehavior [ RunTime:0.003161s ]
INFO: [ view_filter ] --END-- [ RunTime:0.003499s ]
INFO: [ app_end ] --START--
INFO: Run Behavior\ShowPageTraceBehavior [ RunTime:0.003819s ]
INFO: [ app_end ] --END-- [ RunTime:0.004319s ]

[ 2015-11-30T14:14:17+08:00 ] ::1 /codepencil/
INFO: [ app_init ] --START--
INFO: Run Behavior\BuildLiteBehavior [ RunTime:0.000074s ]
INFO: [ app_init ] --END-- [ RunTime:0.000422s ]
INFO: [ app_begin ] --START--
INFO: Run Behavior\ReadHtmlCacheBehavior [ RunTime:0.004386s ]
INFO: [ app_begin ] --END-- [ RunTime:0.004947s ]
INFO: [ view_parse ] --START--
INFO: [ template_filter ] --START--
INFO: Run Behavior\ContentReplaceBehavior [ RunTime:0.000281s ]
INFO: [ template_filter ] --END-- [ RunTime:0.000667s ]
NOTIC: [8] Undefined variable: id E:\WAMP\wamp\www\codepencil\CodePencil\Runtime\Cache\Home\261320953018e5c84924c750959c27db.php 第 8 行.
INFO: Run Behavior\ParseTemplateBehavior [ RunTime:0.034731s ]
INFO: [ view_parse ] --END-- [ RunTime:0.035303s ]
INFO: [ view_filter ] --START--
INFO: Run Behavior\WriteHtmlCacheBehavior [ RunTime:0.003865s ]
INFO: [ view_filter ] --END-- [ RunTime:0.004511s ]
INFO: [ app_end ] --START--
INFO: Run Behavior\ShowPageTraceBehavior [ RunTime:0.003357s ]
INFO: [ app_end ] --END-- [ RunTime:0.003829s ]

[ 2015-11-30T14:14:57+08:00 ] ::1 /codepencil/index.php/Code/readcode.html
INFO: [ app_init ] --START--
INFO: Run Behavior\BuildLiteBehavior [ RunTime:0.000070s ]
INFO: [ app_init ] --END-- [ RunTime:0.000408s ]
INFO: [ app_begin ] --START--
INFO: Run Behavior\ReadHtmlCacheBehavior [ RunTime:0.002620s ]
INFO: [ app_begin ] --END-- [ RunTime:0.003042s ]

[ 2015-11-30T14:18:15+08:00 ] ::1 /codepencil/index.php/Code/readcode.html
INFO: [ app_init ] --START--
INFO: Run Behavior\BuildLiteBehavior [ RunTime:0.000071s ]
INFO: [ app_init ] --END-- [ RunTime:0.000442s ]
INFO: [ app_begin ] --START--
INFO: Run Behavior\ReadHtmlCacheBehavior [ RunTime:0.002697s ]
INFO: [ app_begin ] --END-- [ RunTime:0.003070s ]

[ 2015-11-30T14:19:05+08:00 ] ::1 /codepencil/index.php/Code/readcode.html
INFO: [ app_init ] --START--
INFO: Run Behavior\BuildLiteBehavior [ RunTime:0.000121s ]
INFO: [ app_init ] --END-- [ RunTime:0.000785s ]
INFO: [ app_begin ] --START--
INFO: Run Behavior\ReadHtmlCacheBehavior [ RunTime:0.002724s ]
INFO: [ app_begin ] --END-- [ RunTime:0.003104s ]

[ 2015-11-30T14:20:03+08:00 ] ::1 /codepencil/index.php/Code/readcode.html
INFO: [ app_init ] --START--
INFO: Run Behavior\BuildLiteBehavior [ RunTime:0.000077s ]
INFO: [ app_init ] --END-- [ RunTime:0.000690s ]
INFO: [ app_begin ] --START--
INFO: Run Behavior\ReadHtmlCacheBehavior [ RunTime:0.003163s ]
INFO: [ app_begin ] --END-- [ RunTime:0.003550s ]

[ 2015-11-30T14:22:12+08:00 ] ::1 /codepencil/index.php/Code/readcode.html
INFO: [ app_init ] --START--
INFO: Run Behavior\BuildLiteBehavior [ RunTime:0.000076s ]
INFO: [ app_init ] --END-- [ RunTime:0.000432s ]
INFO: [ app_begin ] --START--
INFO: Run Behavior\ReadHtmlCacheBehavior [ RunTime:0.002681s ]
INFO: [ app_begin ] --END-- [ RunTime:0.003190s ]

[ 2015-11-30T14:22:21+08:00 ] ::1 /codepencil/index.php/Code/readcode.html
INFO: [ app_init ] --START--
INFO: Run Behavior\BuildLiteBehavior [ RunTime:0.000089s ]
INFO: [ app_init ] --END-- [ RunTime:0.000489s ]
INFO: [ app_begin ] --START--
INFO: Run Behavior\ReadHtmlCacheBehavior [ RunTime:0.002876s ]
INFO: [ app_begin ] --END-- [ RunTime:0.003372s ]

[ 2015-11-30T14:24:27+08:00 ] ::1 /codepencil/index.php/Code/readcode.html
INFO: [ app_init ] --START--
INFO: Run Behavior\BuildLiteBehavior [ RunTime:0.000108s ]
INFO: [ app_init ] --END-- [ RunTime:0.000466s ]
INFO: [ app_begin ] --START--
INFO: Run Behavior\ReadHtmlCacheBehavior [ RunTime:0.003144s ]
INFO: [ app_begin ] --END-- [ RunTime:0.003542s ]

[ 2015-11-30T14:24:55+08:00 ] ::1 /codepencil/index.php/Code/readcode.html
INFO: [ app_init ] --START--
INFO: Run Behavior\BuildLiteBehavior [ RunTime:0.000077s ]
INFO: [ app_init ] --END-- [ RunTime:0.000422s ]
INFO: [ app_begin ] --START--
INFO: Run Behavior\ReadHtmlCacheBehavior [ RunTime:0.002660s ]
INFO: [ app_begin ] --END-- [ RunTime:0.003033s ]
INFO: [ app_end ] --START--
INFO: Run Behavior\ShowPageTraceBehavior [ RunTime:0.004471s ]
INFO: [ app_end ] --END-- [ RunTime:0.005015s ]

[ 2015-11-30T14:25:25+08:00 ] ::1 /codepencil/index.php/Code/readcode.html
INFO: [ app_init ] --START--
INFO: Run Behavior\BuildLiteBehavior [ RunTime:0.000078s ]
INFO: [ app_init ] --END-- [ RunTime:0.000460s ]
INFO: [ app_begin ] --START--
INFO: Run Behavior\ReadHtmlCacheBehavior [ RunTime:0.003160s ]
INFO: [ app_begin ] --END-- [ RunTime:0.003702s ]
INFO: [ app_end ] --START--
INFO: Run Behavior\ShowPageTraceBehavior [ RunTime:0.002829s ]
INFO: [ app_end ] --END-- [ RunTime:0.003217s ]

[ 2015-11-30T14:25:38+08:00 ] ::1 /codepencil/index.php/Code/readcode.html
INFO: [ app_init ] --START--
INFO: Run Behavior\BuildLiteBehavior [ RunTime:0.000076s ]
INFO: [ app_init ] --END-- [ RunTime:0.000411s ]
INFO: [ app_begin ] --START--
INFO: Run Behavior\ReadHtmlCacheBehavior [ RunTime:0.002759s ]
INFO: [ app_begin ] --END-- [ RunTime:0.003137s ]
SQL: SHOW COLUMNS FROM `user` [ RunTime:0.0163s ]
NOTIC: [8] Use of undefined constant post - assumed 'post' E:\WAMP\wamp\www\codepencil\CodePencil\Home\Controller\CodeController.class.php 第 30 行.
NOTIC: [8] Use of undefined constant uid - assumed 'uid' E:\WAMP\wamp\www\codepencil\CodePencil\Home\Controller\CodeController.class.php 第 30 行.
SQL: SELECT COUNT(*) AS tp_count FROM `user` LIMIT 1   [ RunTime:0.0494s ]
NOTIC: [8] Use of undefined constant post - assumed 'post' E:\WAMP\wamp\www\codepencil\CodePencil\Home\Controller\CodeController.class.php 第 34 行.
NOTIC: [8] Use of undefined constant uid - assumed 'uid' E:\WAMP\wamp\www\codepencil\CodePencil\Home\Controller\CodeController.class.php 第 34 行.
ERR: 1054:Unknown column 'create_time' in 'order clause'
 [ SQL语句 ] : SELECT * FROM `user` ORDER BY create_time LIMIT 0,2  
ERR: 1054:Unknown column 'create_time' in 'order clause'
 [ SQL语句 ] : SELECT * FROM `user` ORDER BY create_time LIMIT 0,2  

[ 2015-11-30T14:26:04+08:00 ] ::1 /codepencil/index.php/Code/readcode.html
INFO: [ app_init ] --START--
INFO: Run Behavior\BuildLiteBehavior [ RunTime:0.000115s ]
INFO: [ app_init ] --END-- [ RunTime:0.000745s ]
INFO: [ app_begin ] --START--
INFO: Run Behavior\ReadHtmlCacheBehavior [ RunTime:0.002724s ]
INFO: [ app_begin ] --END-- [ RunTime:0.003188s ]
SQL: SHOW COLUMNS FROM `code` [ RunTime:0.0166s ]
NOTIC: [8] Use of undefined constant post - assumed 'post' E:\WAMP\wamp\www\codepencil\CodePencil\Home\Controller\CodeController.class.php 第 30 行.
NOTIC: [8] Use of undefined constant uid - assumed 'uid' E:\WAMP\wamp\www\codepencil\CodePencil\Home\Controller\CodeController.class.php 第 30 行.
SQL: SELECT COUNT(*) AS tp_count FROM `code` LIMIT 1   [ RunTime:0.0012s ]
NOTIC: [8] Use of undefined constant post - assumed 'post' E:\WAMP\wamp\www\codepencil\CodePencil\Home\Controller\CodeController.class.php 第 34 行.
NOTIC: [8] Use of undefined constant uid - assumed 'uid' E:\WAMP\wamp\www\codepencil\CodePencil\Home\Controller\CodeController.class.php 第 34 行.
SQL: SELECT * FROM `code` ORDER BY create_time LIMIT 0,2   [ RunTime:0.0603s ]
INFO: [ app_end ] --START--
INFO: Run Behavior\ShowPageTraceBehavior [ RunTime:0.003048s ]
INFO: [ app_end ] --END-- [ RunTime:0.003395s ]

[ 2015-11-30T14:36:28+08:00 ] ::1 /codepencil/
INFO: [ app_init ] --START--
INFO: Run Behavior\BuildLiteBehavior [ RunTime:0.000069s ]
INFO: [ app_init ] --END-- [ RunTime:0.000409s ]
INFO: [ app_begin ] --START--
INFO: Run Behavior\ReadHtmlCacheBehavior [ RunTime:0.002872s ]
INFO: [ app_begin ] --END-- [ RunTime:0.003258s ]
INFO: [ view_parse ] --START--
INFO: [ template_filter ] --START--
INFO: Run Behavior\ContentReplaceBehavior [ RunTime:0.000199s ]
INFO: [ template_filter ] --END-- [ RunTime:0.000548s ]
NOTIC: [8] Undefined variable: id E:\WAMP\wamp\www\codepencil\CodePencil\Runtime\Cache\Home\261320953018e5c84924c750959c27db.php 第 8 行.
INFO: Run Behavior\ParseTemplateBehavior [ RunTime:0.025310s ]
INFO: [ view_parse ] --END-- [ RunTime:0.025690s ]
INFO: [ view_filter ] --START--
INFO: Run Behavior\WriteHtmlCacheBehavior [ RunTime:0.002059s ]
INFO: [ view_filter ] --END-- [ RunTime:0.002428s ]
INFO: [ app_end ] --START--
INFO: Run Behavior\ShowPageTraceBehavior [ RunTime:0.002678s ]
INFO: [ app_end ] --END-- [ RunTime:0.003012s ]

[ 2015-11-30T14:36:37+08:00 ] ::1 /codepencil/index.php/Code/readcode.html
INFO: [ app_init ] --START--
INFO: Run Behavior\BuildLiteBehavior [ RunTime:0.000071s ]
INFO: [ app_init ] --END-- [ RunTime:0.000471s ]
INFO: [ app_begin ] --START--
INFO: Run Behavior\ReadHtmlCacheBehavior [ RunTime:0.002890s ]
INFO: [ app_begin ] --END-- [ RunTime:0.003266s ]
SQL: SHOW COLUMNS FROM `code` [ RunTime:0.0156s ]
NOTIC: [8] Use of undefined constant post - assumed 'post' E:\WAMP\wamp\www\codepencil\CodePencil\Home\Controller\CodeController.class.php 第 30 行.
NOTIC: [8] Use of undefined constant uid - assumed 'uid' E:\WAMP\wamp\www\codepencil\CodePencil\Home\Controller\CodeController.class.php 第 30 行.
SQL: SELECT COUNT(*) AS tp_count FROM `code` LIMIT 1   [ RunTime:0.0009s ]
NOTIC: [8] Use of undefined constant post - assumed 'post' E:\WAMP\wamp\www\codepencil\CodePencil\Home\Controller\CodeController.class.php 第 34 行.
NOTIC: [8] Use of undefined constant uid - assumed 'uid' E:\WAMP\wamp\www\codepencil\CodePencil\Home\Controller\CodeController.class.php 第 34 行.
SQL: SELECT * FROM `code` ORDER BY create_time LIMIT 0,2   [ RunTime:0.0015s ]
INFO: [ app_end ] --START--
INFO: Run Behavior\ShowPageTraceBehavior [ RunTime:0.002826s ]
INFO: [ app_end ] --END-- [ RunTime:0.003180s ]

